Autotest: Begin at 2021年 03月 16日 星期二 15:39:06 CST
[35m[ Task 1 test begin. ][0m
gcc -o programA programA.c
[32m[ Make programA successfully! ][0m
rm programA
[32m[ Make clean delete programA successfully. ][0m
[35m[ Task 1 test completed! ][0m
[33m[01m[ You now got 20 point(s) ][0m
[35m[ Task 2 test begin ][0m
[32m[ You have passed Task 2 testcase 1/4, great! :) ][0m
[32m[ You have passed Task 2 testcase 2/4, great! :) ][0m
[32m[ You have passed Task 2 testcase 3/4, great! :) ][0m
[32m[ You have passed Task 2 testcase 4/4, great! :) ][0m
[35m[ Task 2 test completed. ][0m
[33m[01m[ You now got 60 point(s) ][0m
[35m[ Task 3 test begin ][0m
diff: /home/git/ostest/target/19375273/lab0-Extra-2021-03-16T15:39:06+0800-Wdrq4/ext_examB/output: 没有那个文件或目录
[31m[01m[ Answer incorrect! You have failed Task 3. ][0m
[35m[ Task 3 test completed. ][0m
[33m[01m[ You now got 60 point(s) ][0m
[33m[01m[ You got 60 (of 100) this time. 2021年 03月 16日 星期二 15:42:29 CST ][0m
