Autotest: Begin at 2021年 03月 23日 星期二 14:58:44 CST
[32m[ readelf.c found ][0m
rm -rf *.o
rm readelf
rm: cannot remove 'readelf': No such file or directory
make: *** [clean] Error 1
Makefile:15: recipe for target 'clean' failed
gcc -I./ -c main.c
gcc -I./ -c readelf.c
gcc main.o readelf.o -o readelf
[32m[ Compile success! readelf found. ][0m
[35m[ PASSED:9 ][0m
[35m[ TOTAL:9 ][0m
[32m[ You have passed readelf testElf testcase 1/6 ][0m
[35m[ PASSED:9 ][0m
[35m[ TOTAL:9 ][0m
[32m[ You have passed readelf testElf testcase 2/6 ][0m
[35m[ PASSED:7 ][0m
[35m[ TOTAL:7 ][0m
[32m[ You have passed readelf testElf testcase 3/6 ][0m
[35m[ PASSED:0 ][0m
[35m[ TOTAL:9 ][0m
[31m[01m[ You have not passed readelf big endian vmlinux testcase 4/6 ][0m
[35m[ PASSED:0 ][0m
[35m[ TOTAL:7 ][0m
[31m[01m[ You have not passed readelf big endian vmlinux testcase 5/6 ][0m
[35m[ PASSED:1 ][0m
[35m[ TOTAL:16 ][0m
[31m[01m[ You have not passed readelf big endian vmlinux testcase 6/6 ][0m
[33m[01m[ You got 55 (of 100) this time. 2021年 03月 23日 星期二 14:59:04 CST ][0m
