Autotest: Begin at 2021年 04月 13日 星期二 14:43:48 CST
Begin build at 2021年 04月 13日 星期二 14:43:49 CST
Cleanning the project.................

for d in mm  boot drivers init lib ;	\
		do					\
			make --directory=$d clean; \
		done; \
	rm -rf *.o *~ gxemul/vmlinux
make[1]: Entering directory `/usr/src/workdir/mm'
rm -rf *~ *.o
make[1]: Leaving directory `/usr/src/workdir/mm'
make[1]: Entering directory `/usr/src/workdir/boot'
rm -rf *~ *.o
make[1]: Leaving directory `/usr/src/workdir/boot'
make[1]: Entering directory `/usr/src/workdir/drivers'
for d in gxconsole; \
		do				\
			make --directory=$d clean; \
		done
make[2]: Entering directory `/usr/src/workdir/drivers/gxconsole'
rm -rf *.o *~
make[2]: Leaving directory `/usr/src/workdir/drivers/gxconsole'
make[1]: Leaving directory `/usr/src/workdir/drivers'
make[1]: Entering directory `/usr/src/workdir/init'
rm -rf *~ *.o
make[1]: Leaving directory `/usr/src/workdir/init'
make[1]: Entering directory `/usr/src/workdir/lib'
rm -rf *~ *.o
make[1]: Leaving directory `/usr/src/workdir/lib'

Building the project..................

make --directory=mm
make[1]: Entering directory `/usr/src/workdir/mm'
/OSLAB/compiler/usr/bin/mips_4KC-gcc -O -G 0 -mno-abicalls -fno-builtin -Wa,-xgot -Wall -fPIC -march=r3000 -I./ -I../ -I../include/ -c pmap.c
pmap.c: In function 'boot_pgdir_walk':
pmap.c:91: warning: unused variable 'pgtable_entry'
pmap.c: In function 'boot_map_segment':
pmap.c:124: warning: unused variable 'va_temp'
pmap.c: In function 'page_alloc':
pmap.c:232: warning: passing argument 1 of 'bzero' makes pointer from integer without a cast
pmap.c:223: warning: unused variable 'ppage_temp'
pmap.c: In function 'pgdir_walk':
pmap.c:291: warning: return makes integer from pointer without a cast
pmap.c:276: warning: unused variable 'pgtable'
/OSLAB/compiler/usr/bin/mips_4KC-gcc -O -G 0 -mno-abicalls -fno-builtin -Wa,-xgot -Wall -fPIC -march=r3000 -I./ -I../ -I../include/ -c tlb_asm.S
make[1]: Leaving directory `/usr/src/workdir/mm'
make --directory=boot
make[1]: Entering directory `/usr/src/workdir/boot'
/OSLAB/compiler/usr/bin/mips_4KC-gcc -O -G 0 -mno-abicalls -fno-builtin -Wa,-xgot -Wall -fPIC -march=r3000 -I../include/ -c start.S 
make[1]: Leaving directory `/usr/src/workdir/boot'
make --directory=drivers
make[1]: Entering directory `/usr/src/workdir/drivers'
make --directory=gxconsole
make[2]: Entering directory `/usr/src/workdir/drivers/gxconsole'
/OSLAB/compiler/usr/bin/mips_4KC-gcc -O -G 0 -mno-abicalls -fno-builtin -Wa,-xgot -Wall -fPIC -march=r3000   -c -o console.o console.c
make[2]: Leaving directory `/usr/src/workdir/drivers/gxconsole'
make[1]: Leaving directory `/usr/src/workdir/drivers'
make --directory=init
make[1]: Entering directory `/usr/src/workdir/init'
/OSLAB/compiler/usr/bin/mips_4KC-gcc -O -G 0 -mno-abicalls -fno-builtin -Wa,-xgot -Wall -fPIC -march=r3000 -I../include -c init.c
init.c: In function 'count_page_standard':
init.c:33: warning: assignment makes pointer from integer without a cast
init.c: In function 'page_walk_standard':
init.c:65: warning: assignment makes pointer from integer without a cast
init.c:73: warning: assignment makes pointer from integer without a cast
init.c:57: warning: unused variable 'pgdir_entryp'
init.c: In function 'mips_init':
init.c:122: warning: implicit declaration of function 'cal_page'
init.c:144: warning: assignment makes pointer from integer without a cast
init.c:171: warning: assignment makes pointer from integer without a cast
init.c:109: warning: unused variable 'b'
/OSLAB/compiler/usr/bin/mips_4KC-gcc -O -G 0 -mno-abicalls -fno-builtin -Wa,-xgot -Wall -fPIC -march=r3000 -I../include -c main.c
make[1]: Leaving directory `/usr/src/workdir/init'
make --directory=lib
make[1]: Entering directory `/usr/src/workdir/lib'
/OSLAB/compiler/usr/bin/mips_4KC-gcc -O -G 0 -mno-abicalls -fno-builtin -Wa,-xgot -Wall -fPIC -march=r3000 -I./ -I../ -I../include/ -c print.c
/OSLAB/compiler/usr/bin/mips_4KC-gcc -O -G 0 -mno-abicalls -fno-builtin -Wa,-xgot -Wall -fPIC -march=r3000 -I./ -I../ -I../include/ -c printf.c
/OSLAB/compiler/usr/bin/mips_4KC-gcc -O -G 0 -mno-abicalls -fno-builtin -Wa,-xgot -Wall -fPIC -march=r3000 -I./ -I../ -I../include/ -c env.c
/OSLAB/compiler/usr/bin/mips_4KC-gcc -O -G 0 -mno-abicalls -fno-builtin -Wa,-xgot -Wall -fPIC -march=r3000 -I./ -I../ -I../include/ -c genex.S
genex.S: Assembler messages:
genex.S:53: Warning: .ent or .aent not in text section.
genex.S:69: Warning: .end not in text section
genex.S:75: Warning: .ent or .aent not in text section.
genex.S:76: Warning: .end not in text section
genex.S:80: Warning: .ent or .aent not in text section.
genex.S:146: Warning: .end not in text section
genex.S:150: Warning: .ent or .aent not in text section.
genex.S:150: Warning: .end not in text section
genex.S:151: Warning: .ent or .aent not in text section.
genex.S:151: Warning: .end not in text section
make[1]: Leaving directory `/usr/src/workdir/lib'
/OSLAB/compiler/usr/bin/mips_4KC-ld -o gxemul/vmlinux -N -T tools/scse0_3.lds boot/start.o init/main.o init/init.o drivers/gxconsole/console.o lib/*.o mm/*.o
init/init.o: In function `mips_init':
init.c:(.text+0x468): undefined reference to `cal_page'
init.c:(.text+0x468): relocation truncated to fit: R_MIPS_26 against `cal_page'
init.c:(.text+0x4c4): undefined reference to `cal_page'
init.c:(.text+0x4c4): relocation truncated to fit: R_MIPS_26 against `cal_page'
init.c:(.text+0x520): undefined reference to `cal_page'
init.c:(.text+0x520): relocation truncated to fit: R_MIPS_26 against `cal_page'
init.c:(.text+0x57c): undefined reference to `cal_page'
init.c:(.text+0x57c): relocation truncated to fit: R_MIPS_26 against `cal_page'
init.c:(.text+0x5d8): undefined reference to `cal_page'
init.c:(.text+0x5d8): relocation truncated to fit: R_MIPS_26 against `cal_page'
init/init.o:init.c:(.text+0x638): more undefined references to `cal_page' follow
init/init.o: In function `mips_init':
init.c:(.text+0x638): relocation truncated to fit: R_MIPS_26 against `cal_page'
init.c:(.text+0x72c): relocation truncated to fit: R_MIPS_26 against `cal_page'
init.c:(.text+0x908): relocation truncated to fit: R_MIPS_26 against `cal_page'
make: *** [vmlinux] Error 1
Compile Error!

End build at 2021年 04月 13日 星期二 14:43:52 CST
[31m[01m[ There is something wrong with your vmlinx. ][0m
[33m[01m[ You got 0 (of 100) this time. 2021年 04月 13日 星期二 14:43:52 CST ][0m
