Autotest: Begin at 2021年 03月 19日 星期五 19:18:51 CST
[32m[ readelf.c found ][0m
rm -rf *.o
rm -rf readelf
gcc -I./ -c main.c
gcc -I./ -c readelf.c
gcc main.o readelf.o -o readelf
[32m[ Compile success! readelf found. ][0m
[35m[ PASSED:25 ][0m
[35m[ TOTAL:25 ][0m
[32m[ You have passed readelf testcase 1/2 ][0m
[35m[ PASSED:24 ][0m
[35m[ TOTAL:24 ][0m
[32m[ You have passed readelf testcase 2/2 ][0m
Begin build at 2021年 03月 19日 星期五 19:19:02 CST
Cleanning the project.................

for d in boot drivers init lib ;	\
		do					\
			make --directory=$d clean; \
		done; \
	rm -rf *.o *~ gxemul/vmlinux
make[1]: Entering directory `/usr/src/workdir/boot'
rm -rf *~ *.o
make[1]: Leaving directory `/usr/src/workdir/boot'
make[1]: Entering directory `/usr/src/workdir/drivers'
for d in gxconsole; \
		do				\
			make --directory=$d clean; \
		done
make[2]: Entering directory `/usr/src/workdir/drivers/gxconsole'
rm -rf *.o *~
make[2]: Leaving directory `/usr/src/workdir/drivers/gxconsole'
make[1]: Leaving directory `/usr/src/workdir/drivers'
make[1]: Entering directory `/usr/src/workdir/init'
rm -rf *~ *.o
make[1]: Leaving directory `/usr/src/workdir/init'
make[1]: Entering directory `/usr/src/workdir/lib'
rm -rf *~ *.o
make[1]: Leaving directory `/usr/src/workdir/lib'

Building the project..................

make --directory=boot
make[1]: Entering directory `/usr/src/workdir/boot'
/OSLAB/compiler/usr/bin/mips_4KC-gcc -O -G 0 -mno-abicalls -fno-builtin -Wa,-xgot -Wall -fPIC -march=r3000 -I../include/ -c start.S 
make[1]: Leaving directory `/usr/src/workdir/boot'
make --directory=drivers
make[1]: Entering directory `/usr/src/workdir/drivers'
make --directory=gxconsole
make[2]: Entering directory `/usr/src/workdir/drivers/gxconsole'
/OSLAB/compiler/usr/bin/mips_4KC-gcc -O -G 0 -mno-abicalls -fno-builtin -Wa,-xgot -Wall -fPIC -march=r3000   -c -o console.o console.c
make[2]: Leaving directory `/usr/src/workdir/drivers/gxconsole'
make[1]: Leaving directory `/usr/src/workdir/drivers'
make --directory=init
make[1]: Entering directory `/usr/src/workdir/init'
/OSLAB/compiler/usr/bin/mips_4KC-gcc  -O -G 0 -mno-abicalls -fno-builtin -Wa,-xgot -Wall -fPIC -march=r3000 -I../include -c init.c
/OSLAB/compiler/usr/bin/mips_4KC-gcc  -O -G 0 -mno-abicalls -fno-builtin -Wa,-xgot -Wall -fPIC -march=r3000 -I../include -c main.c
make[1]: Leaving directory `/usr/src/workdir/init'
make --directory=lib
make[1]: Entering directory `/usr/src/workdir/lib'
/OSLAB/compiler/usr/bin/mips_4KC-gcc -O -G 0 -mno-abicalls -fno-builtin -Wa,-xgot -Wall -fPIC -march=r3000 -I./ -I../ -I../include/ -c print.c
print.c: In function 'lp_Print':
print.c:81: warning: implicit declaration of function 'OUT'
print.c:94: warning: passing argument 1 of 'rd' makes pointer from integer without a cast
print.c:95: warning: passing argument 1 of 'rd' makes pointer from integer without a cast
print.c:94: warning: 'width' is used uninitialized in this function
print.c:95: warning: 'prec' is used uninitialized in this function
print.c:61: warning: 'longFlag' may be used uninitialized in this function
print.c:65: warning: 'ladjust' may be used uninitialized in this function
/OSLAB/compiler/usr/bin/mips_4KC-gcc -O -G 0 -mno-abicalls -fno-builtin -Wa,-xgot -Wall -fPIC -march=r3000 -I./ -I../ -I../include/ -c printf.c
make[1]: Leaving directory `/usr/src/workdir/lib'
/OSLAB/compiler/usr/bin/mips_4KC-ld -o gxemul/vmlinux -N -T tools/scse0_3.lds boot/start.o init/main.o init/init.o drivers/gxconsole/console.o lib/*.o
lib/print.o: In function `lp_Print':
print.c:(.text+0xc4): undefined reference to `OUT'
print.c:(.text+0xc4): relocation truncated to fit: R_MIPS_26 against `OUT'
make: *** [vmlinux] Error 1
Compile Error!

End build at 2021年 03月 19日 星期五 19:19:09 CST
[31m[01m[ There is something wrong with your vmlinx. ][0m
[33m[01m[ You got 40 (of 100) this time. 2021年 03月 19日 星期五 19:19:09 CST ][0m
